[25-Aug-2017 02:53:19 UTC] Error reading config data, configuration file could be corrupted.
[25-Aug-2017 02:53:21 UTC] Error reading config data, configuration file could be corrupted.
[25-Aug-2017 02:53:43 UTC] Error reading config data, configuration file could be corrupted.
[25-Aug-2017 02:56:04 UTC] Error reading config data, configuration file could be corrupted.
[25-Aug-2017 02:56:05 UTC] Error reading config data, configuration file could be corrupted.
[25-Aug-2017 03:00:38 UTC] Error reading config data, configuration file could be corrupted.
[25-Aug-2017 03:00:41 UTC] Error reading config data, configuration file could be corrupted.
[25-Aug-2017 03:01:11 UTC] Error reading config data, configuration file could be corrupted.
[25-Aug-2017 03:01:12 UTC] Error reading config data, configuration file could be corrupted.
[25-Aug-2017 03:01:18 UTC] Error reading config data, configuration file could be corrupted.
[25-Aug-2017 03:01:19 UTC] Error reading config data, configuration file could be corrupted.
[25-Aug-2017 03:02:22 UTC] Error reading config data, configuration file could be corrupted.
[25-Aug-2017 03:02:23 UTC] Error reading config data, configuration file could be corrupted.
[25-Aug-2017 03:04:23 UTC] Error reading config data, configuration file could be corrupted.
[25-Aug-2017 03:04:25 UTC] Error reading config data, configuration file could be corrupted.
[25-Aug-2017 03:05:52 UTC] Error reading config data, configuration file could be corrupted.
[25-Aug-2017 03:05:53 UTC] Error reading config data, configuration file could be corrupted.
[25-Aug-2017 03:06:50 UTC] Error reading config data, configuration file could be corrupted.
[25-Aug-2017 03:06:52 UTC] Error reading config data, configuration file could be corrupted.
[25-Aug-2017 03:06:52 UTC] Error reading config data, configuration file could be corrupted.
[25-Aug-2017 03:06:53 UTC] Error reading config data, configuration file could be corrupted.
[25-Aug-2017 03:06:58 UTC] Error reading config data, configuration file could be corrupted.
[25-Aug-2017 03:07:00 UTC] Error reading config data, configuration file could be corrupted.
[25-Aug-2017 03:07:00 UTC] Error reading config data, configuration file could be corrupted.
[25-Aug-2017 03:07:00 UTC] Error reading config data, configuration file could be corrupted.
[25-Aug-2017 03:07:13 UTC] Error reading config data, configuration file could be corrupted.
[25-Aug-2017 03:07:20 UTC] Error reading config data, configuration file could be corrupted.
[25-Aug-2017 03:07:21 UTC] Error reading config data, configuration file could be corrupted.
[25-Aug-2017 03:08:08 UTC] Error reading config data, configuration file could be corrupted.
[25-Aug-2017 03:08:09 UTC] Error reading config data, configuration file could be corrupted.
[25-Aug-2017 03:08:25 UTC] Error reading config data, configuration file could be corrupted.
[25-Aug-2017 03:08:26 UTC] Error reading config data, configuration file could be corrupted.
[25-Aug-2017 03:08:27 UTC] Error reading config data, configuration file could be corrupted.
[25-Aug-2017 03:08:28 UTC] Error reading config data, configuration file could be corrupted.
[25-Aug-2017 03:08:49 UTC] Error reading config data, configuration file could be corrupted.
[25-Aug-2017 03:08:50 UTC] Error reading config data, configuration file could be corrupted.
[25-Aug-2017 03:08:56 UTC] Error reading config data, configuration file could be corrupted.
[25-Aug-2017 03:08:57 UTC] Error reading config data, configuration file could be corrupted.
[25-Aug-2017 03:08:59 UTC] Error reading config data, configuration file could be corrupted.
[25-Aug-2017 03:08:59 UTC] Error reading config data, configuration file could be corrupted.
[25-Aug-2017 03:09:00 UTC] Error reading config data, configuration file could be corrupted.
[25-Aug-2017 03:09:03 UTC] Error reading config data, configuration file could be corrupted.
[25-Aug-2017 03:09:04 UTC] Error reading config data, configuration file could be corrupted.
[25-Aug-2017 03:09:05 UTC] Error reading config data, configuration file could be corrupted.
[25-Aug-2017 03:09:06 UTC] Error reading config data, configuration file could be corrupted.
[25-Aug-2017 03:09:09 UTC] Error reading config data, configuration file could be corrupted.
[25-Aug-2017 03:09:10 UTC] Error reading config data, configuration file could be corrupted.
[25-Aug-2017 03:09:15 UTC] Error reading config data, configuration file could be corrupted.
[25-Aug-2017 03:09:15 UTC] Error reading config data, configuration file could be corrupted.
[25-Aug-2017 03:09:27 UTC] Error reading config data, configuration file could be corrupted.
[25-Aug-2017 03:09:28 UTC] Error reading config data, configuration file could be corrupted.
[25-Aug-2017 03:09:38 UTC] Error reading config data, configuration file could be corrupted.
[25-Aug-2017 03:09:38 UTC] Error reading config data, configuration file could be corrupted.
[25-Aug-2017 03:10:35 UTC] Error reading config data, configuration file could be corrupted.
[25-Aug-2017 03:10:35 UTC] Error reading config data, configuration file could be corrupted.
[25-Aug-2017 03:10:57 UTC] Error reading config data, configuration file could be corrupted.
[25-Aug-2017 03:10:58 UTC] Error reading config data, configuration file could be corrupted.
[25-Aug-2017 03:11:16 UTC] Error reading config data, configuration file could be corrupted.
[25-Aug-2017 03:11:38 UTC] Error reading config data, configuration file could be corrupted.
[25-Aug-2017 03:11:38 UTC] Error reading config data, configuration file could be corrupted.
[25-Aug-2017 03:11:51 UTC] Error reading config data, configuration file could be corrupted.
[25-Aug-2017 03:11:51 UTC] Error reading config data, configuration file could be corrupted.
[25-Aug-2017 03:18:20 UTC] Error reading config data, configuration file could be corrupted.
[25-Aug-2017 03:18:20 UTC] Error reading config data, configuration file could be corrupted.
[25-Aug-2017 03:18:44 UTC] Error reading config data, configuration file could be corrupted.
[25-Aug-2017 03:18:44 UTC] Error reading config data, configuration file could be corrupted.
[25-Aug-2017 03:19:51 UTC] Error reading config data, configuration file could be corrupted.
[25-Aug-2017 03:19:52 UTC] Error reading config data, configuration file could be corrupted.
[25-Aug-2017 03:20:51 UTC] Error reading config data, configuration file could be corrupted.
[25-Aug-2017 03:20:52 UTC] Error reading config data, configuration file could be corrupted.
[25-Aug-2017 03:21:34 UTC] Error reading config data, configuration file could be corrupted.
[25-Aug-2017 03:21:34 UTC] Error reading config data, configuration file could be corrupted.
[25-Aug-2017 03:21:35 UTC] Error reading config data, configuration file could be corrupted.
[25-Aug-2017 03:21:36 UTC] Error reading config data, configuration file could be corrupted.
[25-Aug-2017 03:21:50 UTC] Error reading config data, configuration file could be corrupted.
[25-Aug-2017 03:21:50 UTC] Error reading config data, configuration file could be corrupted.
[25-Aug-2017 03:21:52 UTC] Error reading config data, configuration file could be corrupted.
[25-Aug-2017 03:21:53 UTC] Error reading config data, configuration file could be corrupted.
[25-Aug-2017 03:21:53 UTC] Error reading config data, configuration file could be corrupted.
[25-Aug-2017 03:21:53 UTC] Error reading config data, configuration file could be corrupted.
[25-Aug-2017 03:22:07 UTC] Error reading config data, configuration file could be corrupted.
[25-Aug-2017 03:22:08 UTC] Error reading config data, configuration file could be corrupted.
[25-Aug-2017 03:22:08 UTC] Error reading config data, configuration file could be corrupted.
[25-Aug-2017 03:22:08 UTC] Error reading config data, configuration file could be corrupted.
[25-Aug-2017 03:22:08 UTC] Error reading config data, configuration file could be corrupted.
[25-Aug-2017 03:22:09 UTC] Error reading config data, configuration file could be corrupted.
[25-Aug-2017 03:22:16 UTC] Error reading config data, configuration file could be corrupted.
[25-Aug-2017 03:22:16 UTC] Error reading config data, configuration file could be corrupted.
[25-Aug-2017 03:22:18 UTC] Error reading config data, configuration file could be corrupted.
[25-Aug-2017 03:22:18 UTC] Error reading config data, configuration file could be corrupted.
[25-Aug-2017 03:22:23 UTC] Error reading config data, configuration file could be corrupted.
[25-Aug-2017 03:22:23 UTC] Error reading config data, configuration file could be corrupted.
[25-Aug-2017 03:22:35 UTC] Error reading config data, configuration file could be corrupted.
[25-Aug-2017 03:22:36 UTC] Error reading config data, configuration file could be corrupted.
[25-Aug-2017 03:22:41 UTC] Error reading config data, configuration file could be corrupted.
[25-Aug-2017 03:22:41 UTC] Error reading config data, configuration file could be corrupted.
[25-Aug-2017 03:22:45 UTC] Error reading config data, configuration file could be corrupted.
[25-Aug-2017 03:22:46 UTC] Error reading config data, configuration file could be corrupted.
[25-Aug-2017 03:22:48 UTC] Error reading config data, configuration file could be corrupted.
[25-Aug-2017 03:22:48 UTC] Error reading config data, configuration file could be corrupted.
[25-Aug-2017 03:22:59 UTC] Error reading config data, configuration file could be corrupted.
[25-Aug-2017 03:22:59 UTC] Error reading config data, configuration file could be corrupted.
[25-Aug-2017 03:23:01 UTC] Error reading config data, configuration file could be corrupted.
[25-Aug-2017 03:23:01 UTC] Error reading config data, configuration file could be corrupted.
[25-Aug-2017 03:23:03 UTC] Error reading config data, configuration file could be corrupted.
[25-Aug-2017 03:23:04 UTC] Error reading config data, configuration file could be corrupted.
[25-Aug-2017 03:23:05 UTC] Error reading config data, configuration file could be corrupted.
[25-Aug-2017 03:23:05 UTC] Error reading config data, configuration file could be corrupted.
[25-Aug-2017 03:23:05 UTC] Error reading config data, configuration file could be corrupted.
[25-Aug-2017 03:23:06 UTC] Error reading config data, configuration file could be corrupted.
[25-Aug-2017 03:23:19 UTC] Error reading config data, configuration file could be corrupted.
[25-Aug-2017 03:23:20 UTC] Error reading config data, configuration file could be corrupted.
[25-Aug-2017 03:23:20 UTC] Error reading config data, configuration file could be corrupted.
[25-Aug-2017 03:23:20 UTC] Error reading config data, configuration file could be corrupted.
[25-Aug-2017 03:23:27 UTC] Error reading config data, configuration file could be corrupted.
[25-Aug-2017 03:23:27 UTC] Error reading config data, configuration file could be corrupted.
[25-Aug-2017 03:23:32 UTC] Error reading config data, configuration file could be corrupted.
[25-Aug-2017 03:23:33 UTC] Error reading config data, configuration file could be corrupted.
[25-Aug-2017 03:23:35 UTC] Error reading config data, configuration file could be corrupted.
[25-Aug-2017 03:23:35 UTC] Error reading config data, configuration file could be corrupted.
[25-Aug-2017 03:23:37 UTC] Error reading config data, configuration file could be corrupted.
[25-Aug-2017 03:23:37 UTC] Error reading config data, configuration file could be corrupted.
[25-Aug-2017 03:23:48 UTC] Error reading config data, configuration file could be corrupted.
[25-Aug-2017 03:23:48 UTC] Error reading config data, configuration file could be corrupted.
[25-Aug-2017 03:23:49 UTC] Error reading config data, configuration file could be corrupted.
[25-Aug-2017 03:23:49 UTC] Error reading config data, configuration file could be corrupted.
[25-Aug-2017 03:24:12 UTC] Error reading config data, configuration file could be corrupted.
[25-Aug-2017 03:24:12 UTC] Error reading config data, configuration file could be corrupted.
[25-Aug-2017 03:24:24 UTC] Error reading config data, configuration file could be corrupted.
[25-Aug-2017 03:24:34 UTC] Error reading config data, configuration file could be corrupted.
[25-Aug-2017 03:24:36 UTC] Error reading config data, configuration file could be corrupted.
[25-Aug-2017 03:24:46 UTC] Error reading config data, configuration file could be corrupted.
[25-Aug-2017 03:25:01 UTC] Error reading config data, configuration file could be corrupted.
[25-Aug-2017 03:25:16 UTC] Error reading config data, configuration file could be corrupted.
[25-Aug-2017 03:26:15 UTC] Error reading config data, configuration file could be corrupted.
[25-Aug-2017 03:26:17 UTC] Error reading config data, configuration file could be corrupted.
[25-Aug-2017 03:26:25 UTC] Error reading config data, configuration file could be corrupted.
[25-Aug-2017 03:26:53 UTC] Error reading config data, configuration file could be corrupted.
[25-Aug-2017 03:27:16 UTC] Error reading config data, configuration file could be corrupted.
[25-Aug-2017 03:27:33 UTC] Error reading config data, configuration file could be corrupted.
[25-Aug-2017 03:27:43 UTC] Error reading config data, configuration file could be corrupted.
[25-Aug-2017 03:27:43 UTC] Error reading config data, configuration file could be corrupted.
[25-Aug-2017 03:27:52 UTC] Error reading config data, configuration file could be corrupted.
[25-Aug-2017 03:27:52 UTC] Error reading config data, configuration file could be corrupted.
[25-Aug-2017 03:27:55 UTC] Error reading config data, configuration file could be corrupted.
[25-Aug-2017 03:27:55 UTC] Error reading config data, configuration file could be corrupted.
[25-Aug-2017 03:27:57 UTC] Error reading config data, configuration file could be corrupted.
[25-Aug-2017 03:27:57 UTC] Error reading config data, configuration file could be corrupted.
[25-Aug-2017 03:27:58 UTC] Error reading config data, configuration file could be corrupted.
[25-Aug-2017 03:27:58 UTC] Error reading config data, configuration file could be corrupted.
[25-Aug-2017 03:28:00 UTC] Error reading config data, configuration file could be corrupted.
[25-Aug-2017 03:28:01 UTC] Error reading config data, configuration file could be corrupted.
[25-Aug-2017 03:28:05 UTC] Error reading config data, configuration file could be corrupted.
[25-Aug-2017 03:28:06 UTC] Error reading config data, configuration file could be corrupted.
[25-Aug-2017 03:28:11 UTC] Error reading config data, configuration file could be corrupted.
[25-Aug-2017 03:28:11 UTC] Error reading config data, configuration file could be corrupted.
[25-Aug-2017 03:28:17 UTC] Error reading config data, configuration file could be corrupted.
[25-Aug-2017 03:28:17 UTC] Error reading config data, configuration file could be corrupted.
[25-Aug-2017 03:28:30 UTC] Error reading config data, configuration file could be corrupted.
[25-Aug-2017 03:28:31 UTC] Error reading config data, configuration file could be corrupted.
[25-Aug-2017 03:28:37 UTC] Error reading config data, configuration file could be corrupted.
[25-Aug-2017 03:28:37 UTC] Error reading config data, configuration file could be corrupted.
[25-Aug-2017 03:28:41 UTC] Error reading config data, configuration file could be corrupted.
[25-Aug-2017 03:28:41 UTC] Error reading config data, configuration file could be corrupted.
[25-Aug-2017 03:28:42 UTC] Error reading config data, configuration file could be corrupted.
[25-Aug-2017 03:28:42 UTC] Error reading config data, configuration file could be corrupted.
[25-Aug-2017 03:28:42 UTC] Error reading config data, configuration file could be corrupted.
[25-Aug-2017 03:28:42 UTC] Error reading config data, configuration file could be corrupted.
[25-Aug-2017 03:28:43 UTC] Error reading config data, configuration file could be corrupted.
[25-Aug-2017 03:28:43 UTC] Error reading config data, configuration file could be corrupted.
[25-Aug-2017 03:28:46 UTC] Error reading config data, configuration file could be corrupted.
[25-Aug-2017 03:28:46 UTC] Error reading config data, configuration file could be corrupted.
[25-Aug-2017 03:28:51 UTC] Error reading config data, configuration file could be corrupted.
[25-Aug-2017 03:28:52 UTC] Error reading config data, configuration file could be corrupted.
[25-Aug-2017 03:28:52 UTC] Error reading config data, configuration file could be corrupted.
[25-Aug-2017 03:28:52 UTC] Error reading config data, configuration file could be corrupted.
[25-Aug-2017 03:28:57 UTC] Error reading config data, configuration file could be corrupted.
[25-Aug-2017 03:28:57 UTC] Error reading config data, configuration file could be corrupted.
[25-Aug-2017 03:29:02 UTC] Error reading config data, configuration file could be corrupted.
[25-Aug-2017 03:29:02 UTC] Error reading config data, configuration file could be corrupted.
[25-Aug-2017 03:29:03 UTC] Error reading config data, configuration file could be corrupted.
[25-Aug-2017 03:29:03 UTC] Error reading config data, configuration file could be corrupted.
[25-Aug-2017 03:29:05 UTC] Error reading config data, configuration file could be corrupted.
[25-Aug-2017 03:29:05 UTC] Error reading config data, configuration file could be corrupted.
[25-Aug-2017 03:29:06 UTC] Error reading config data, configuration file could be corrupted.
[25-Aug-2017 03:29:06 UTC] Error reading config data, configuration file could be corrupted.
[25-Aug-2017 03:29:08 UTC] Error reading config data, configuration file could be corrupted.
[25-Aug-2017 03:29:09 UTC] Error reading config data, configuration file could be corrupted.
[25-Aug-2017 03:29:12 UTC] Error reading config data, configuration file could be corrupted.
[25-Aug-2017 03:29:12 UTC] Error reading config data, configuration file could be corrupted.
[25-Aug-2017 03:29:12 UTC] Error reading config data, configuration file could be corrupted.
[25-Aug-2017 03:29:13 UTC] Error reading config data, configuration file could be corrupted.
[25-Aug-2017 03:29:14 UTC] Error reading config data, configuration file could be corrupted.
[25-Aug-2017 03:29:15 UTC] Error reading config data, configuration file could be corrupted.
[25-Aug-2017 03:29:15 UTC] Error reading config data, configuration file could be corrupted.
[25-Aug-2017 03:29:16 UTC] Error reading config data, configuration file could be corrupted.
[25-Aug-2017 03:29:18 UTC] Error reading config data, configuration file could be corrupted.
[25-Aug-2017 03:29:18 UTC] Error reading config data, configuration file could be corrupted.
[25-Aug-2017 03:29:20 UTC] Error reading config data, configuration file could be corrupted.
[25-Aug-2017 03:29:20 UTC] Error reading config data, configuration file could be corrupted.
[25-Aug-2017 03:29:23 UTC] Error reading config data, configuration file could be corrupted.
[25-Aug-2017 03:29:23 UTC] Error reading config data, configuration file could be corrupted.
[25-Aug-2017 03:29:30 UTC] Error reading config data, configuration file could be corrupted.
[25-Aug-2017 03:29:30 UTC] Error reading config data, configuration file could be corrupted.
[25-Aug-2017 03:29:33 UTC] Error reading config data, configuration file could be corrupted.
[25-Aug-2017 03:29:33 UTC] Error reading config data, configuration file could be corrupted.
[25-Aug-2017 03:29:33 UTC] Error reading config data, configuration file could be corrupted.
[25-Aug-2017 03:29:34 UTC] Error reading config data, configuration file could be corrupted.
[25-Aug-2017 03:29:34 UTC] Error reading config data, configuration file could be corrupted.
[25-Aug-2017 03:29:37 UTC] Error reading config data, configuration file could be corrupted.
[25-Aug-2017 03:29:39 UTC] Error reading config data, configuration file could be corrupted.
[25-Aug-2017 03:29:45 UTC] Error reading config data, configuration file could be corrupted.
[25-Aug-2017 03:29:52 UTC] Error reading config data, configuration file could be corrupted.
[25-Aug-2017 03:29:57 UTC] Error reading config data, configuration file could be corrupted.
[25-Aug-2017 03:30:08 UTC] Error reading config data, configuration file could be corrupted.
[25-Aug-2017 03:30:09 UTC] Error reading config data, configuration file could be corrupted.
[25-Aug-2017 03:30:11 UTC] Error reading config data, configuration file could be corrupted.
[25-Aug-2017 03:30:12 UTC] Error reading config data, configuration file could be corrupted.
[25-Aug-2017 03:30:13 UTC] Error reading config data, configuration file could be corrupted.
[25-Aug-2017 03:30:13 UTC] Error reading config data, configuration file could be corrupted.
[25-Aug-2017 03:30:14 UTC] Error reading config data, configuration file could be corrupted.
[25-Aug-2017 03:30:14 UTC] Error reading config data, configuration file could be corrupted.
[25-Aug-2017 03:30:15 UTC] Error reading config data, configuration file could be corrupted.
[25-Aug-2017 03:30:15 UTC] Error reading config data, configuration file could be corrupted.
[25-Aug-2017 03:30:16 UTC] Error reading config data, configuration file could be corrupted.
[25-Aug-2017 03:30:16 UTC] Error reading config data, configuration file could be corrupted.
[25-Aug-2017 03:30:18 UTC] Error reading config data, configuration file could be corrupted.
[25-Aug-2017 03:30:19 UTC] Error reading config data, configuration file could be corrupted.
[25-Aug-2017 03:30:19 UTC] Error reading config data, configuration file could be corrupted.
[25-Aug-2017 03:30:19 UTC] Error reading config data, configuration file could be corrupted.
[25-Aug-2017 03:30:20 UTC] Error reading config data, configuration file could be corrupted.
[25-Aug-2017 03:30:20 UTC] Error reading config data, configuration file could be corrupted.
[25-Aug-2017 03:30:21 UTC] Error reading config data, configuration file could be corrupted.
[25-Aug-2017 03:30:21 UTC] Error reading config data, configuration file could be corrupted.
[25-Aug-2017 03:30:21 UTC] Error reading config data, configuration file could be corrupted.
[25-Aug-2017 03:30:21 UTC] Error reading config data, configuration file could be corrupted.
[25-Aug-2017 03:30:22 UTC] PHP Fatal error:  Call to undefined function get_supercache_dir() in /home/ubuntu/workspace/wp-content/plugins/wp-super-cache/wp-cache.php on line 2906
[25-Aug-2017 03:30:22 UTC] PHP Stack trace:
[25-Aug-2017 03:30:22 UTC] PHP   1. {main}() /home/ubuntu/workspace/wp-admin/plugins.php:0
[25-Aug-2017 03:30:22 UTC] PHP   2. do_action() /home/ubuntu/workspace/wp-admin/plugins.php:166
[25-Aug-2017 03:30:22 UTC] PHP   3. WP_Hook->do_action() /home/ubuntu/workspace/wp-includes/plugin.php:453
[25-Aug-2017 03:30:22 UTC] PHP   4. WP_Hook->apply_filters() /home/ubuntu/workspace/wp-includes/class-wp-hook.php:323
[25-Aug-2017 03:30:22 UTC] PHP   5. call_user_func_array:{/home/ubuntu/workspace/wp-includes/class-wp-hook.php:298}() /home/ubuntu/workspace/wp-includes/class-wp-hook.php:298
[25-Aug-2017 03:30:22 UTC] PHP   6. FusionBuilder::activation() /home/ubuntu/workspace/wp-includes/class-wp-hook.php:298
[25-Aug-2017 03:30:22 UTC] PHP   7. Fusion_Cache->reset_all_caches() /home/ubuntu/workspace/wp-content/plugins/fusion-builder/fusion-builder.php:393
[25-Aug-2017 03:30:22 UTC] PHP   8. Fusion_Cache->clear_third_party_caches() /home/ubuntu/workspace/wp-content/themes/Avada/includes/lib/inc/class-fusion-cache.php:96
[25-Aug-2017 03:30:22 UTC] PHP   9. wp_cache_clean_cache() /home/ubuntu/workspace/wp-content/themes/Avada/includes/lib/inc/class-fusion-cache.php:119
[25-Aug-2017 03:30:22 UTC] Error reading config data, configuration file could be corrupted.
[25-Aug-2017 03:30:22 UTC] Error reading config data, configuration file could be corrupted.
[25-Aug-2017 03:30:22 UTC] PHP Fatal error:  Call to undefined function get_supercache_dir() in /home/ubuntu/workspace/wp-content/plugins/wp-super-cache/wp-cache.php on line 2906
[25-Aug-2017 03:30:22 UTC] PHP Stack trace:
[25-Aug-2017 03:30:22 UTC] PHP   1. {main}() /home/ubuntu/workspace/wp-admin/plugins.php:0
[25-Aug-2017 03:30:22 UTC] PHP   2. do_action() /home/ubuntu/workspace/wp-admin/plugins.php:166
[25-Aug-2017 03:30:22 UTC] PHP   3. WP_Hook->do_action() /home/ubuntu/workspace/wp-includes/plugin.php:453
[25-Aug-2017 03:30:22 UTC] PHP   4. WP_Hook->apply_filters() /home/ubuntu/workspace/wp-includes/class-wp-hook.php:323
[25-Aug-2017 03:30:22 UTC] PHP   5. call_user_func_array:{/home/ubuntu/workspace/wp-includes/class-wp-hook.php:298}() /home/ubuntu/workspace/wp-includes/class-wp-hook.php:298
[25-Aug-2017 03:30:22 UTC] PHP   6. FusionBuilder::activation() /home/ubuntu/workspace/wp-includes/class-wp-hook.php:298
[25-Aug-2017 03:30:22 UTC] PHP   7. Fusion_Cache->reset_all_caches() /home/ubuntu/workspace/wp-content/plugins/fusion-builder/fusion-builder.php:393
[25-Aug-2017 03:30:22 UTC] PHP   8. Fusion_Cache->clear_third_party_caches() /home/ubuntu/workspace/wp-content/themes/Avada/includes/lib/inc/class-fusion-cache.php:96
[25-Aug-2017 03:30:22 UTC] PHP   9. wp_cache_clean_cache() /home/ubuntu/workspace/wp-content/themes/Avada/includes/lib/inc/class-fusion-cache.php:119
[25-Aug-2017 03:30:22 UTC] Error reading config data, configuration file could be corrupted.
[25-Aug-2017 03:30:23 UTC] Error reading config data, configuration file could be corrupted.
[25-Aug-2017 03:30:25 UTC] Error reading config data, configuration file could be corrupted.
[25-Aug-2017 03:30:25 UTC] Error reading config data, configuration file could be corrupted.
[25-Aug-2017 03:30:30 UTC] Error reading config data, configuration file could be corrupted.
[25-Aug-2017 03:30:30 UTC] Error reading config data, configuration file could be corrupted.
[25-Aug-2017 03:30:31 UTC] Error reading config data, configuration file could be corrupted.
[25-Aug-2017 03:30:32 UTC] Error reading config data, configuration file could be corrupted.
[25-Aug-2017 03:30:32 UTC] Error reading config data, configuration file could be corrupted.
[25-Aug-2017 03:30:34 UTC] Error reading config data, configuration file could be corrupted.
[25-Aug-2017 03:30:34 UTC] Error reading config data, configuration file could be corrupted.
[25-Aug-2017 03:30:36 UTC] Error reading config data, configuration file could be corrupted.
[25-Aug-2017 03:30:36 UTC] Error reading config data, configuration file could be corrupted.
[25-Aug-2017 03:30:36 UTC] Error reading config data, configuration file could be corrupted.
[25-Aug-2017 03:30:37 UTC] Error reading config data, configuration file could be corrupted.
[25-Aug-2017 03:30:38 UTC] Error reading config data, configuration file could be corrupted.
[25-Aug-2017 03:30:38 UTC] Error reading config data, configuration file could be corrupted.
[25-Aug-2017 03:30:39 UTC] Error reading config data, configuration file could be corrupted.
[25-Aug-2017 03:30:40 UTC] Error reading config data, configuration file could be corrupted.
[25-Aug-2017 03:30:46 UTC] Error reading config data, configuration file could be corrupted.
[25-Aug-2017 03:30:47 UTC] Error reading config data, configuration file could be corrupted.
[25-Aug-2017 03:30:47 UTC] Error reading config data, configuration file could be corrupted.
[25-Aug-2017 03:30:48 UTC] Error reading config data, configuration file could be corrupted.
[25-Aug-2017 03:30:49 UTC] Error reading config data, configuration file could be corrupted.
[25-Aug-2017 03:30:49 UTC] Error reading config data, configuration file could be corrupted.
[25-Aug-2017 03:30:51 UTC] Error reading config data, configuration file could be corrupted.
[25-Aug-2017 03:30:51 UTC] Error reading config data, configuration file could be corrupted.
[25-Aug-2017 03:30:57 UTC] Error reading config data, configuration file could be corrupted.
[25-Aug-2017 03:30:58 UTC] Error reading config data, configuration file could be corrupted.
[25-Aug-2017 03:31:01 UTC] Error reading config data, configuration file could be corrupted.
[25-Aug-2017 03:31:01 UTC] Error reading config data, configuration file could be corrupted.
[25-Aug-2017 03:31:01 UTC] Error reading config data, configuration file could be corrupted.
[25-Aug-2017 03:31:02 UTC] Error reading config data, configuration file could be corrupted.
[25-Aug-2017 03:31:03 UTC] Error reading config data, configuration file could be corrupted.
[25-Aug-2017 03:31:03 UTC] Error reading config data, configuration file could be corrupted.
[25-Aug-2017 03:31:04 UTC] Error reading config data, configuration file could be corrupted.
[25-Aug-2017 03:31:04 UTC] Error reading config data, configuration file could be corrupted.
[25-Aug-2017 03:31:05 UTC] Error reading config data, configuration file could be corrupted.
[25-Aug-2017 03:31:05 UTC] Error reading config data, configuration file could be corrupted.
[25-Aug-2017 03:31:05 UTC] Error reading config data, configuration file could be corrupted.
[25-Aug-2017 03:31:06 UTC] Error reading config data, configuration file could be corrupted.
[25-Aug-2017 03:31:07 UTC] Error reading config data, configuration file could be corrupted.
[25-Aug-2017 03:31:07 UTC] Error reading config data, configuration file could be corrupted.
[25-Aug-2017 03:31:08 UTC] Error reading config data, configuration file could be corrupted.
[25-Aug-2017 03:31:08 UTC] Error reading config data, configuration file could be corrupted.
[25-Aug-2017 03:31:10 UTC] Error reading config data, configuration file could be corrupted.
[25-Aug-2017 03:31:10 UTC] Error reading config data, configuration file could be corrupted.
[25-Aug-2017 03:31:11 UTC] Error reading config data, configuration file could be corrupted.
[25-Aug-2017 03:31:11 UTC] Error reading config data, configuration file could be corrupted.
[25-Aug-2017 03:31:11 UTC] Error reading config data, configuration file could be corrupted.
[25-Aug-2017 03:31:12 UTC] Error reading config data, configuration file could be corrupted.
[25-Aug-2017 03:31:13 UTC] Error reading config data, configuration file could be corrupted.
[25-Aug-2017 03:31:13 UTC] Error reading config data, configuration file could be corrupted.
[25-Aug-2017 03:31:13 UTC] Error reading config data, configuration file could be corrupted.
[25-Aug-2017 03:31:13 UTC] Error reading config data, configuration file could be corrupted.
[25-Aug-2017 03:31:14 UTC] Error reading config data, configuration file could be corrupted.
[25-Aug-2017 03:31:14 UTC] Error reading config data, configuration file could be corrupted.
[25-Aug-2017 03:31:14 UTC] PHP Fatal error:  Call to undefined function get_supercache_dir() in /home/ubuntu/workspace/wp-content/plugins/wp-super-cache/wp-cache.php on line 2906
[25-Aug-2017 03:31:14 UTC] PHP Stack trace:
[25-Aug-2017 03:31:14 UTC] PHP   1. {main}() /home/ubuntu/workspace/wp-admin/plugins.php:0
[25-Aug-2017 03:31:14 UTC] PHP   2. do_action() /home/ubuntu/workspace/wp-admin/plugins.php:166
[25-Aug-2017 03:31:14 UTC] PHP   3. WP_Hook->do_action() /home/ubuntu/workspace/wp-includes/plugin.php:453
[25-Aug-2017 03:31:14 UTC] PHP   4. WP_Hook->apply_filters() /home/ubuntu/workspace/wp-includes/class-wp-hook.php:323
[25-Aug-2017 03:31:14 UTC] PHP   5. call_user_func_array:{/home/ubuntu/workspace/wp-includes/class-wp-hook.php:298}() /home/ubuntu/workspace/wp-includes/class-wp-hook.php:298
[25-Aug-2017 03:31:14 UTC] PHP   6. FusionBuilder::activation() /home/ubuntu/workspace/wp-includes/class-wp-hook.php:298
[25-Aug-2017 03:31:14 UTC] PHP   7. Fusion_Cache->reset_all_caches() /home/ubuntu/workspace/wp-content/plugins/fusion-builder/fusion-builder.php:393
[25-Aug-2017 03:31:14 UTC] PHP   8. Fusion_Cache->clear_third_party_caches() /home/ubuntu/workspace/wp-content/themes/Avada/includes/lib/inc/class-fusion-cache.php:96
[25-Aug-2017 03:31:14 UTC] PHP   9. wp_cache_clean_cache() /home/ubuntu/workspace/wp-content/themes/Avada/includes/lib/inc/class-fusion-cache.php:119
[25-Aug-2017 03:31:14 UTC] PHP Fatal error:  Call to undefined function get_supercache_dir() in /home/ubuntu/workspace/wp-content/plugins/wp-super-cache/wp-cache.php on line 2906
[25-Aug-2017 03:31:14 UTC] PHP Stack trace:
[25-Aug-2017 03:31:14 UTC] PHP   1. {main}() /home/ubuntu/workspace/wp-admin/plugins.php:0
[25-Aug-2017 03:31:14 UTC] PHP   2. do_action() /home/ubuntu/workspace/wp-admin/plugins.php:166
[25-Aug-2017 03:31:14 UTC] PHP   3. WP_Hook->do_action() /home/ubuntu/workspace/wp-includes/plugin.php:453
[25-Aug-2017 03:31:14 UTC] PHP   4. WP_Hook->apply_filters() /home/ubuntu/workspace/wp-includes/class-wp-hook.php:323
[25-Aug-2017 03:31:14 UTC] PHP   5. call_user_func_array:{/home/ubuntu/workspace/wp-includes/class-wp-hook.php:298}() /home/ubuntu/workspace/wp-includes/class-wp-hook.php:298
[25-Aug-2017 03:31:14 UTC] PHP   6. FusionBuilder::activation() /home/ubuntu/workspace/wp-includes/class-wp-hook.php:298
[25-Aug-2017 03:31:14 UTC] PHP   7. Fusion_Cache->reset_all_caches() /home/ubuntu/workspace/wp-content/plugins/fusion-builder/fusion-builder.php:393
[25-Aug-2017 03:31:14 UTC] PHP   8. Fusion_Cache->clear_third_party_caches() /home/ubuntu/workspace/wp-content/themes/Avada/includes/lib/inc/class-fusion-cache.php:96
[25-Aug-2017 03:31:14 UTC] PHP   9. wp_cache_clean_cache() /home/ubuntu/workspace/wp-content/themes/Avada/includes/lib/inc/class-fusion-cache.php:119
[25-Aug-2017 03:31:14 UTC] Error reading config data, configuration file could be corrupted.
[25-Aug-2017 03:31:14 UTC] Error reading config data, configuration file could be corrupted.
[25-Aug-2017 03:31:17 UTC] Error reading config data, configuration file could be corrupted.
[25-Aug-2017 03:31:17 UTC] Error reading config data, configuration file could be corrupted.
[25-Aug-2017 03:31:31 UTC] Error reading config data, configuration file could be corrupted.
[25-Aug-2017 03:31:31 UTC] Error reading config data, configuration file could be corrupted.
[25-Aug-2017 03:31:31 UTC] Error reading config data, configuration file could be corrupted.
[25-Aug-2017 03:31:32 UTC] Error reading config data, configuration file could be corrupted.
[25-Aug-2017 03:31:34 UTC] Error reading config data, configuration file could be corrupted.
[25-Aug-2017 03:31:34 UTC] Error reading config data, configuration file could be corrupted.
[25-Aug-2017 03:31:36 UTC] Error reading config data, configuration file could be corrupted.
[25-Aug-2017 03:31:36 UTC] Error reading config data, configuration file could be corrupted.
[25-Aug-2017 03:31:37 UTC] Error reading config data, configuration file could be corrupted.
[25-Aug-2017 03:31:37 UTC] Error reading config data, configuration file could be corrupted.
[25-Aug-2017 03:31:37 UTC] Error reading config data, configuration file could be corrupted.
[25-Aug-2017 03:31:38 UTC] Error reading config data, configuration file could be corrupted.
[25-Aug-2017 03:31:46 UTC] Error reading config data, configuration file could be corrupted.
[25-Aug-2017 03:31:47 UTC] Error reading config data, configuration file could be corrupted.
[25-Aug-2017 03:31:47 UTC] Error reading config data, configuration file could be corrupted.
[25-Aug-2017 03:31:48 UTC] Error reading config data, configuration file could be corrupted.
[25-Aug-2017 03:31:48 UTC] Error reading config data, configuration file could be corrupted.
[25-Aug-2017 03:31:49 UTC] Error reading config data, configuration file could be corrupted.
[25-Aug-2017 03:31:50 UTC] Error reading config data, configuration file could be corrupted.
[25-Aug-2017 03:31:52 UTC] Error reading config data, configuration file could be corrupted.
[25-Aug-2017 03:31:52 UTC] Error reading config data, configuration file could be corrupted.
[25-Aug-2017 03:31:52 UTC] Error reading config data, configuration file could be corrupted.
[25-Aug-2017 03:31:52 UTC] Error reading config data, configuration file could be corrupted.
[25-Aug-2017 03:31:57 UTC] Error reading config data, configuration file could be corrupted.
[25-Aug-2017 03:31:58 UTC] Error reading config data, configuration file could be corrupted.
[25-Aug-2017 03:32:03 UTC] Error reading config data, configuration file could be corrupted.
[25-Aug-2017 03:32:03 UTC] Error reading config data, configuration file could be corrupted.
[25-Aug-2017 03:32:12 UTC] Error reading config data, configuration file could be corrupted.
[25-Aug-2017 03:32:12 UTC] Error reading config data, configuration file could be corrupted.
[25-Aug-2017 03:32:12 UTC] Error reading config data, configuration file could be corrupted.
[25-Aug-2017 03:32:13 UTC] Error reading config data, configuration file could be corrupted.
[25-Aug-2017 03:32:14 UTC] Error reading config data, configuration file could be corrupted.
[25-Aug-2017 03:32:14 UTC] Error reading config data, configuration file could be corrupted.
[25-Aug-2017 03:32:15 UTC] Error reading config data, configuration file could be corrupted.
[25-Aug-2017 03:32:15 UTC] Error reading config data, configuration file could be corrupted.
[25-Aug-2017 03:32:17 UTC] Error reading config data, configuration file could be corrupted.
[25-Aug-2017 03:32:17 UTC] Error reading config data, configuration file could be corrupted.
[25-Aug-2017 03:32:17 UTC] Error reading config data, configuration file could be corrupted.
[25-Aug-2017 03:32:18 UTC] Error reading config data, configuration file could be corrupted.
[25-Aug-2017 03:32:18 UTC] Error reading config data, configuration file could be corrupted.
[25-Aug-2017 03:32:29 UTC] Error reading config data, configuration file could be corrupted.
[25-Aug-2017 03:32:40 UTC] Error reading config data, configuration file could be corrupted.
[25-Aug-2017 03:33:30 UTC] Error reading config data, configuration file could be corrupted.
[25-Aug-2017 03:33:46 UTC] Error reading config data, configuration file could be corrupted.
[25-Aug-2017 03:33:53 UTC] Error reading config data, configuration file could be corrupted.
[25-Aug-2017 03:34:21 UTC] Error reading config data, configuration file could be corrupted.
